<?xml version="1.0" encoding="UTF-8"?>
<testng-results skipped="0" failed="0" ignored="0" total="1" passed="1">
  <reporter-output>
  </reporter-output>
  <suite name="Default suite" duration-ms="8161" started-at="2021-05-02T11:47:58 IST" finished-at="2021-05-02T11:48:06 IST">
    <groups>
    </groups>
    <test name="Default test" duration-ms="8161" started-at="2021-05-02T11:47:58 IST" finished-at="2021-05-02T11:48:06 IST">
      <class name="multipleobjectextraction.Flipkart">
        <test-method status="PASS" signature="printNames()[pri:0, instance:multipleobjectextraction.Flipkart@ea1a8d5]" name="printNames" duration-ms="8112" started-at="2021-05-02T11:47:58 IST" finished-at="2021-05-02T11:48:06 IST">
          <reporter-output>
          </reporter-output>
        </test-method> <!-- printNames -->
      </class> <!-- multipleobjectextraction.Flipkart -->
    </test> <!-- Default test -->
  </suite> <!-- Default suite -->
</testng-results>
